2025-12-28T12:33:03.405+03:00  INFO 9761 --- [auth-service] [restartedMain] c.n.auth_service.AuthServiceApplication  : Starting AuthServiceApplication using Java 25.0.1 with PID 9761 (/home/ubuntu/java/auth-service/target/classes started by ubuntu in /home/ubuntu/java/auth-service)
2025-12-28T12:33:03.407+03:00  INFO 9761 --- [auth-service] [restartedMain] c.n.auth_service.AuthServiceApplication  : No active profile set, falling back to 1 default profile: "default"
2025-12-28T12:33:03.440+03:00  INFO 9761 --- [auth-service] [restartedMain] .e.DevToolsPropertyDefaultsPostProcessor : Devtools property defaults active! Set 'spring.devtools.add-properties' to 'false' to disable
2025-12-28T12:33:03.440+03:00  INFO 9761 --- [auth-service] [restartedMain] .e.DevToolsPropertyDefaultsPostProcessor : For additional web related logging consider setting the 'logging.level.web' property to 'DEBUG'
2025-12-28T12:33:03.955+03:00  INFO 9761 --- [auth-service] [restartedMain] .s.d.r.c.RepositoryConfigurationDelegate : Bootstrapping Spring Data JPA repositories in DEFAULT mode.
2025-12-28T12:33:03.998+03:00  INFO 9761 --- [auth-service] [restartedMain] .s.d.r.c.RepositoryConfigurationDelegate : Finished Spring Data repository scanning in 37 ms. Found 4 JPA repository interfaces.
2025-12-28T12:33:04.452+03:00  INFO 9761 --- [auth-service] [restartedMain] o.s.b.w.embedded.tomcat.TomcatWebServer  : Tomcat initialized with port 8080 (http)
2025-12-28T12:33:04.461+03:00  INFO 9761 --- [auth-service] [restartedMain] o.apache.catalina.core.StandardService   : Starting service [Tomcat]
2025-12-28T12:33:04.462+03:00  INFO 9761 --- [auth-service] [restartedMain] o.apache.catalina.core.StandardEngine    : Starting Servlet engine: [Apache Tomcat/10.1.48]
2025-12-28T12:33:04.483+03:00  INFO 9761 --- [auth-service] [restartedMain] o.a.c.c.C.[Tomcat].[localhost].[/]       : Initializing Spring embedded WebApplicationContext
2025-12-28T12:33:04.483+03:00  INFO 9761 --- [auth-service] [restartedMain] w.s.c.ServletWebServerApplicationContext : Root WebApplicationContext: initialization completed in 1043 ms
2025-12-28T12:33:04.650+03:00  INFO 9761 --- [auth-service] [restartedMain] com.zaxxer.hikari.HikariDataSource       : HikariPool-1 - Starting...
2025-12-28T12:33:04.777+03:00  INFO 9761 --- [auth-service] [restartedMain] com.zaxxer.hikari.pool.HikariPool        : HikariPool-1 - Added connection org.postgresql.jdbc.PgConnection@77ae8a51
2025-12-28T12:33:04.778+03:00  INFO 9761 --- [auth-service] [restartedMain] com.zaxxer.hikari.HikariDataSource       : HikariPool-1 - Start completed.
2025-12-28T12:33:04.799+03:00  INFO 9761 --- [auth-service] [restartedMain] org.flywaydb.core.FlywayExecutor         : Database: jdbc:postgresql://localhost:5432/test (PostgreSQL 15.15)
2025-12-28T12:33:04.836+03:00  INFO 9761 --- [auth-service] [restartedMain] o.f.core.internal.command.DbValidate     : Successfully validated 2 migrations (execution time 00:00.017s)
2025-12-28T12:33:04.858+03:00  INFO 9761 --- [auth-service] [restartedMain] o.f.core.internal.command.DbMigrate      : Current version of schema "public": 2
2025-12-28T12:33:04.861+03:00  INFO 9761 --- [auth-service] [restartedMain] o.f.core.internal.command.DbMigrate      : Schema "public" is up to date. No migration necessary.
2025-12-28T12:33:04.927+03:00  INFO 9761 --- [auth-service] [restartedMain] o.hibernate.jpa.internal.util.LogHelper  : HHH000204: Processing PersistenceUnitInfo [name: default]
2025-12-28T12:33:04.961+03:00  INFO 9761 --- [auth-service] [restartedMain] org.hibernate.Version                    : HHH000412: Hibernate ORM core version 6.6.33.Final
2025-12-28T12:33:04.983+03:00  INFO 9761 --- [auth-service] [restartedMain] o.h.c.internal.RegionFactoryInitiator    : HHH000026: Second-level cache disabled
2025-12-28T12:33:05.051+03:00 DEBUG 9761 --- [auth-service] [restartedMain] org.hibernate.type.BasicTypeRegistry     : Adding type registration boolean -> org.hibernate.type.BasicTypeReference@7efcd83b
2025-12-28T12:33:05.051+03:00 DEBUG 9761 --- [auth-service] [restartedMain] org.hibernate.type.BasicTypeRegistry     : Adding type registration boolean -> org.hibernate.type.BasicTypeReference@7efcd83b
2025-12-28T12:33:05.052+03:00 DEBUG 9761 --- [auth-service] [restartedMain] org.hibernate.type.BasicTypeRegistry     : Adding type registration java.lang.Boolean -> org.hibernate.type.BasicTypeReference@7efcd83b
2025-12-28T12:33:05.052+03:00 DEBUG 9761 --- [auth-service] [restartedMain] org.hibernate.type.BasicTypeRegistry     : Adding type registration numeric_boolean -> org.hibernate.type.BasicTypeReference@5175788b
2025-12-28T12:33:05.052+03:00 DEBUG 9761 --- [auth-service] [restartedMain] org.hibernate.type.BasicTypeRegistry     : Adding type registration org.hibernate.type.NumericBooleanConverter -> org.hibernate.type.BasicTypeReference@5175788b
2025-12-28T12:33:05.052+03:00 DEBUG 9761 --- [auth-service] [restartedMain] org.hibernate.type.BasicTypeRegistry     : Adding type registration true_false -> org.hibernate.type.BasicTypeReference@22f359e9
2025-12-28T12:33:05.052+03:00 DEBUG 9761 --- [auth-service] [restartedMain] org.hibernate.type.BasicTypeRegistry     : Adding type registration org.hibernate.type.TrueFalseConverter -> org.hibernate.type.BasicTypeReference@22f359e9
2025-12-28T12:33:05.052+03:00 DEBUG 9761 --- [auth-service] [restartedMain] org.hibernate.type.BasicTypeRegistry     : Adding type registration yes_no -> org.hibernate.type.BasicTypeReference@768f9929
2025-12-28T12:33:05.052+03:00 DEBUG 9761 --- [auth-service] [restartedMain] org.hibernate.type.BasicTypeRegistry     : Adding type registration org.hibernate.type.YesNoConverter -> org.hibernate.type.BasicTypeReference@768f9929
2025-12-28T12:33:05.052+03:00 DEBUG 9761 --- [auth-service] [restartedMain] org.hibernate.type.BasicTypeRegistry     : Adding type registration byte -> org.hibernate.type.BasicTypeReference@6e2abac3
2025-12-28T12:33:05.052+03:00 DEBUG 9761 --- [auth-service] [restartedMain] org.hibernate.type.BasicTypeRegistry     : Adding type registration byte -> org.hibernate.type.BasicTypeReference@6e2abac3
2025-12-28T12:33:05.052+03:00 DEBUG 9761 --- [auth-service] [restartedMain] org.hibernate.type.BasicTypeRegistry     : Adding type registration java.lang.Byte -> org.hibernate.type.BasicTypeReference@6e2abac3
2025-12-28T12:33:05.052+03:00 DEBUG 9761 --- [auth-service] [restartedMain] org.hibernate.type.BasicTypeRegistry     : Adding type registration binary -> org.hibernate.type.BasicTypeReference@146126ad
2025-12-28T12:33:05.052+03:00 DEBUG 9761 --- [auth-service] [restartedMain] org.hibernate.type.BasicTypeRegistry     : Adding type registration byte[] -> org.hibernate.type.BasicTypeReference@146126ad
2025-12-28T12:33:05.052+03:00 DEBUG 9761 --- [auth-service] [restartedMain] org.hibernate.type.BasicTypeRegistry     : Adding type registration [B -> org.hibernate.type.BasicTypeReference@146126ad
2025-12-28T12:33:05.052+03:00 DEBUG 9761 --- [auth-service] [restartedMain] org.hibernate.type.BasicTypeRegistry     : Adding type registration binary_wrapper -> org.hibernate.type.BasicTypeReference@2c6519d9
2025-12-28T12:33:05.052+03:00 DEBUG 9761 --- [auth-service] [restartedMain] org.hibernate.type.BasicTypeRegistry     : Adding type registration wrapper-binary -> org.hibernate.type.BasicTypeReference@2c6519d9
2025-12-28T12:33:05.052+03:00 DEBUG 9761 --- [auth-service] [restartedMain] org.hibernate.type.BasicTypeRegistry     : Adding type registration image -> org.hibernate.type.BasicTypeReference@26a99bad
2025-12-28T12:33:05.052+03:00 DEBUG 9761 --- [auth-service] [restartedMain] org.hibernate.type.BasicTypeRegistry     : Adding type registration blob -> org.hibernate.type.BasicTypeReference@1d6ec119
2025-12-28T12:33:05.053+03:00 DEBUG 9761 --- [auth-service] [restartedMain] org.hibernate.type.BasicTypeRegistry     : Adding type registration java.sql.Blob -> org.hibernate.type.BasicTypeReference@1d6ec119
2025-12-28T12:33:05.053+03:00 DEBUG 9761 --- [auth-service] [restartedMain] org.hibernate.type.BasicTypeRegistry     : Adding type registration materialized_blob -> org.hibernate.type.BasicTypeReference@a7d857
2025-12-28T12:33:05.053+03:00 DEBUG 9761 --- [auth-service] [restartedMain] org.hibernate.type.BasicTypeRegistry     : Adding type registration materialized_blob_wrapper -> org.hibernate.type.BasicTypeReference@488b24b
2025-12-28T12:33:05.053+03:00 DEBUG 9761 --- [auth-service] [restartedMain] org.hibernate.type.BasicTypeRegistry     : Adding type registration short -> org.hibernate.type.BasicTypeReference@6e963584
2025-12-28T12:33:05.053+03:00 DEBUG 9761 --- [auth-service] [restartedMain] org.hibernate.type.BasicTypeRegistry     : Adding type registration short -> org.hibernate.type.BasicTypeReference@6e963584
2025-12-28T12:33:05.053+03:00 DEBUG 9761 --- [auth-service] [restartedMain] org.hibernate.type.BasicTypeRegistry     : Adding type registration java.lang.Short -> org.hibernate.type.BasicTypeReference@6e963584
2025-12-28T12:33:05.053+03:00 DEBUG 9761 --- [auth-service] [restartedMain] org.hibernate.type.BasicTypeRegistry     : Adding type registration integer -> org.hibernate.type.BasicTypeReference@59b5746
2025-12-28T12:33:05.053+03:00 DEBUG 9761 --- [auth-service] [restartedMain] org.hibernate.type.BasicTypeRegistry     : Adding type registration int -> org.hibernate.type.BasicTypeReference@59b5746
2025-12-28T12:33:05.053+03:00 DEBUG 9761 --- [auth-service] [restartedMain] org.hibernate.type.BasicTypeRegistry     : Adding type registration java.lang.Integer -> org.hibernate.type.BasicTypeReference@59b5746
2025-12-28T12:33:05.053+03:00 DEBUG 9761 --- [auth-service] [restartedMain] org.hibernate.type.BasicTypeRegistry     : Adding type registration long -> org.hibernate.type.BasicTypeReference@3b4052c2
2025-12-28T12:33:05.053+03:00 DEBUG 9761 --- [auth-service] [restartedMain] org.hibernate.type.BasicTypeRegistry     : Adding type registration long -> org.hibernate.type.BasicTypeReference@3b4052c2
2025-12-28T12:33:05.053+03:00 DEBUG 9761 --- [auth-service] [restartedMain] org.hibernate.type.BasicTypeRegistry     : Adding type registration java.lang.Long -> org.hibernate.type.BasicTypeReference@3b4052c2
2025-12-28T12:33:05.053+03:00 DEBUG 9761 --- [auth-service] [restartedMain] org.hibernate.type.BasicTypeRegistry     : Adding type registration float -> org.hibernate.type.BasicTypeReference@7a1bb50b
2025-12-28T12:33:05.053+03:00 DEBUG 9761 --- [auth-service] [restartedMain] org.hibernate.type.BasicTypeRegistry     : Adding type registration float -> org.hibernate.type.BasicTypeReference@7a1bb50b
2025-12-28T12:33:05.053+03:00 DEBUG 9761 --- [auth-service] [restartedMain] org.hibernate.type.BasicTypeRegistry     : Adding type registration java.lang.Float -> org.hibernate.type.BasicTypeReference@7a1bb50b
2025-12-28T12:33:05.053+03:00 DEBUG 9761 --- [auth-service] [restartedMain] org.hibernate.type.BasicTypeRegistry     : Adding type registration double -> org.hibernate.type.BasicTypeReference@25fe85d9
2025-12-28T12:33:05.053+03:00 DEBUG 9761 --- [auth-service] [restartedMain] org.hibernate.type.BasicTypeRegistry     : Adding type registration double -> org.hibernate.type.BasicTypeReference@25fe85d9
2025-12-28T12:33:05.054+03:00 DEBUG 9761 --- [auth-service] [restartedMain] org.hibernate.type.BasicTypeRegistry     : Adding type registration java.lang.Double -> org.hibernate.type.BasicTypeReference@25fe85d9
2025-12-28T12:33:05.054+03:00 DEBUG 9761 --- [auth-service] [restartedMain] org.hibernate.type.BasicTypeRegistry     : Adding type registration big_integer -> org.hibernate.type.BasicTypeReference@7a00c747
2025-12-28T12:33:05.054+03:00 DEBUG 9761 --- [auth-service] [restartedMain] org.hibernate.type.BasicTypeRegistry     : Adding type registration java.math.BigInteger -> org.hibernate.type.BasicTypeReference@7a00c747
2025-12-28T12:33:05.054+03:00 DEBUG 9761 --- [auth-service] [restartedMain] org.hibernate.type.BasicTypeRegistry     : Adding type registration big_decimal -> org.hibernate.type.BasicTypeReference@436f4c87
2025-12-28T12:33:05.054+03:00 DEBUG 9761 --- [auth-service] [restartedMain] org.hibernate.type.BasicTypeRegistry     : Adding type registration java.math.BigDecimal -> org.hibernate.type.BasicTypeReference@436f4c87
2025-12-28T12:33:05.054+03:00 DEBUG 9761 --- [auth-service] [restartedMain] org.hibernate.type.BasicTypeRegistry     : Adding type registration character -> org.hibernate.type.BasicTypeReference@64fb1a0c
2025-12-28T12:33:05.054+03:00 DEBUG 9761 --- [auth-service] [restartedMain] org.hibernate.type.BasicTypeRegistry     : Adding type registration char -> org.hibernate.type.BasicTypeReference@64fb1a0c
2025-12-28T12:33:05.054+03:00 DEBUG 9761 --- [auth-service] [restartedMain] org.hibernate.type.BasicTypeRegistry     : Adding type registration java.lang.Character -> org.hibernate.type.BasicTypeReference@64fb1a0c
2025-12-28T12:33:05.054+03:00 DEBUG 9761 --- [auth-service] [restartedMain] org.hibernate.type.BasicTypeRegistry     : Adding type registration character_nchar -> org.hibernate.type.BasicTypeReference@35fa8b07
2025-12-28T12:33:05.054+03:00 DEBUG 9761 --- [auth-service] [restartedMain] org.hibernate.type.BasicTypeRegistry     : Adding type registration string -> org.hibernate.type.BasicTypeReference@493c5800
2025-12-28T12:33:05.054+03:00 DEBUG 9761 --- [auth-service] [restartedMain] org.hibernate.type.BasicTypeRegistry     : Adding type registration java.lang.String -> org.hibernate.type.BasicTypeReference@493c5800
2025-12-28T12:33:05.054+03:00 DEBUG 9761 --- [auth-service] [restartedMain] org.hibernate.type.BasicTypeRegistry     : Adding type registration nstring -> org.hibernate.type.BasicTypeReference@700e2ed4
2025-12-28T12:33:05.054+03:00 DEBUG 9761 --- [auth-service] [restartedMain] org.hibernate.type.BasicTypeRegistry     : Adding type registration characters -> org.hibernate.type.BasicTypeReference@4c9971a3
2025-12-28T12:33:05.054+03:00 DEBUG 9761 --- [auth-service] [restartedMain] org.hibernate.type.BasicTypeRegistry     : Adding type registration char[] -> org.hibernate.type.BasicTypeReference@4c9971a3
2025-12-28T12:33:05.054+03:00 DEBUG 9761 --- [auth-service] [restartedMain] org.hibernate.type.BasicTypeRegistry     : Adding type registration [C -> org.hibernate.type.BasicTypeReference@4c9971a3
2025-12-28T12:33:05.054+03:00 DEBUG 9761 --- [auth-service] [restartedMain] org.hibernate.type.BasicTypeRegistry     : Adding type registration wrapper-characters -> org.hibernate.type.BasicTypeReference@2d5a7984
2025-12-28T12:33:05.054+03:00 DEBUG 9761 --- [auth-service] [restartedMain] org.hibernate.type.BasicTypeRegistry     : Adding type registration text -> org.hibernate.type.BasicTypeReference@60dc877
2025-12-28T12:33:05.054+03:00 DEBUG 9761 --- [auth-service] [restartedMain] org.hibernate.type.BasicTypeRegistry     : Adding type registration ntext -> org.hibernate.type.BasicTypeReference@7743eec
2025-12-28T12:33:05.055+03:00 DEBUG 9761 --- [auth-service] [restartedMain] org.hibernate.type.BasicTypeRegistry     : Adding type registration clob -> org.hibernate.type.BasicTypeReference@6743c8
2025-12-28T12:33:05.055+03:00 DEBUG 9761 --- [auth-service] [restartedMain] org.hibernate.type.BasicTypeRegistry     : Adding type registration java.sql.Clob -> org.hibernate.type.BasicTypeReference@6743c8
2025-12-28T12:33:05.055+03:00 DEBUG 9761 --- [auth-service] [restartedMain] org.hibernate.type.BasicTypeRegistry     : Adding type registration nclob -> org.hibernate.type.BasicTypeReference@7e8f8c19
2025-12-28T12:33:05.055+03:00 DEBUG 9761 --- [auth-service] [restartedMain] org.hibernate.type.BasicTypeRegistry     : Adding type registration java.sql.NClob -> org.hibernate.type.BasicTypeReference@7e8f8c19
2025-12-28T12:33:05.055+03:00 DEBUG 9761 --- [auth-service] [restartedMain] org.hibernate.type.BasicTypeRegistry     : Adding type registration materialized_clob -> org.hibernate.type.BasicTypeReference@16a9bdcf
2025-12-28T12:33:05.055+03:00 DEBUG 9761 --- [auth-service] [restartedMain] org.hibernate.type.BasicTypeRegistry     : Adding type registration materialized_clob_char_array -> org.hibernate.type.BasicTypeReference@308c62a8
2025-12-28T12:33:05.055+03:00 DEBUG 9761 --- [auth-service] [restartedMain] org.hibernate.type.BasicTypeRegistry     : Adding type registration materialized_clob_character_array -> org.hibernate.type.BasicTypeReference@acf0e72
2025-12-28T12:33:05.055+03:00 DEBUG 9761 --- [auth-service] [restartedMain] org.hibernate.type.BasicTypeRegistry     : Adding type registration materialized_nclob -> org.hibernate.type.BasicTypeReference@822b476
2025-12-28T12:33:05.055+03:00 DEBUG 9761 --- [auth-service] [restartedMain] org.hibernate.type.BasicTypeRegistry     : Adding type registration materialized_nclob_character_array -> org.hibernate.type.BasicTypeReference@533e2778
2025-12-28T12:33:05.055+03:00 DEBUG 9761 --- [auth-service] [restartedMain] org.hibernate.type.BasicTypeRegistry     : Adding type registration materialized_nclob_char_array -> org.hibernate.type.BasicTypeReference@748695
2025-12-28T12:33:05.055+03:00 DEBUG 9761 --- [auth-service] [restartedMain] org.hibernate.type.BasicTypeRegistry     : Adding type registration Duration -> org.hibernate.type.BasicTypeReference@723aa477
2025-12-28T12:33:05.055+03:00 DEBUG 9761 --- [auth-service] [restartedMain] org.hibernate.type.BasicTypeRegistry     : Adding type registration java.time.Duration -> org.hibernate.type.BasicTypeReference@723aa477
2025-12-28T12:33:05.055+03:00 DEBUG 9761 --- [auth-service] [restartedMain] org.hibernate.type.BasicTypeRegistry     : Adding type registration LocalDateTime -> org.hibernate.type.BasicTypeReference@6f263f42
2025-12-28T12:33:05.055+03:00 DEBUG 9761 --- [auth-service] [restartedMain] org.hibernate.type.BasicTypeRegistry     : Adding type registration java.time.LocalDateTime -> org.hibernate.type.BasicTypeReference@6f263f42
2025-12-28T12:33:05.055+03:00 DEBUG 9761 --- [auth-service] [restartedMain] org.hibernate.type.BasicTypeRegistry     : Adding type registration LocalDate -> org.hibernate.type.BasicTypeReference@4d01d039
2025-12-28T12:33:05.055+03:00 DEBUG 9761 --- [auth-service] [restartedMain] org.hibernate.type.BasicTypeRegistry     : Adding type registration java.time.LocalDate -> org.hibernate.type.BasicTypeReference@4d01d039
2025-12-28T12:33:05.055+03:00 DEBUG 9761 --- [auth-service] [restartedMain] org.hibernate.type.BasicTypeRegistry     : Adding type registration LocalTime -> org.hibernate.type.BasicTypeReference@69e5b722
2025-12-28T12:33:05.055+03:00 DEBUG 9761 --- [auth-service] [restartedMain] org.hibernate.type.BasicTypeRegistry     : Adding type registration java.time.LocalTime -> org.hibernate.type.BasicTypeReference@69e5b722
2025-12-28T12:33:05.056+03:00 DEBUG 9761 --- [auth-service] [restartedMain] org.hibernate.type.BasicTypeRegistry     : Adding type registration OffsetDateTime -> org.hibernate.type.BasicTypeReference@4edbaf75
2025-12-28T12:33:05.056+03:00 DEBUG 9761 --- [auth-service] [restartedMain] org.hibernate.type.BasicTypeRegistry     : Adding type registration java.time.OffsetDateTime -> org.hibernate.type.BasicTypeReference@4edbaf75
2025-12-28T12:33:05.056+03:00 DEBUG 9761 --- [auth-service] [restartedMain] org.hibernate.type.BasicTypeRegistry     : Adding type registration OffsetDateTimeWithTimezone -> org.hibernate.type.BasicTypeReference@105945c3
2025-12-28T12:33:05.056+03:00 DEBUG 9761 --- [auth-service] [restartedMain] org.hibernate.type.BasicTypeRegistry     : Adding type registration OffsetDateTimeWithoutTimezone -> org.hibernate.type.BasicTypeReference@539acfe9
2025-12-28T12:33:05.056+03:00 DEBUG 9761 --- [auth-service] [restartedMain] org.hibernate.type.BasicTypeRegistry     : Adding type registration OffsetTime -> org.hibernate.type.BasicTypeReference@17022e1f
2025-12-28T12:33:05.056+03:00 DEBUG 9761 --- [auth-service] [restartedMain] org.hibernate.type.BasicTypeRegistry     : Adding type registration java.time.OffsetTime -> org.hibernate.type.BasicTypeReference@17022e1f
2025-12-28T12:33:05.056+03:00 DEBUG 9761 --- [auth-service] [restartedMain] org.hibernate.type.BasicTypeRegistry     : Adding type registration OffsetTimeUtc -> org.hibernate.type.BasicTypeReference@4b18b8d
2025-12-28T12:33:05.056+03:00 DEBUG 9761 --- [auth-service] [restartedMain] org.hibernate.type.BasicTypeRegistry     : Adding type registration OffsetTimeWithTimezone -> org.hibernate.type.BasicTypeReference@5e9ca185
2025-12-28T12:33:05.056+03:00 DEBUG 9761 --- [auth-service] [restartedMain] org.hibernate.type.BasicTypeRegistry     : Adding type registration OffsetTimeWithoutTimezone -> org.hibernate.type.BasicTypeReference@5b7cc838
2025-12-28T12:33:05.056+03:00 DEBUG 9761 --- [auth-service] [restartedMain] org.hibernate.type.BasicTypeRegistry     : Adding type registration ZonedDateTime -> org.hibernate.type.BasicTypeReference@5d08679e
2025-12-28T12:33:05.056+03:00 DEBUG 9761 --- [auth-service] [restartedMain] org.hibernate.type.BasicTypeRegistry     : Adding type registration java.time.ZonedDateTime -> org.hibernate.type.BasicTypeReference@5d08679e
2025-12-28T12:33:05.056+03:00 DEBUG 9761 --- [auth-service] [restartedMain] org.hibernate.type.BasicTypeRegistry     : Adding type registration ZonedDateTimeWithTimezone -> org.hibernate.type.BasicTypeReference@556d6251
2025-12-28T12:33:05.056+03:00 DEBUG 9761 --- [auth-service] [restartedMain] org.hibernate.type.BasicTypeRegistry     : Adding type registration ZonedDateTimeWithoutTimezone -> org.hibernate.type.BasicTypeReference@6e4661f0
2025-12-28T12:33:05.056+03:00 DEBUG 9761 --- [auth-service] [restartedMain] org.hibernate.type.BasicTypeRegistry     : Adding type registration date -> org.hibernate.type.BasicTypeReference@53c65908
2025-12-28T12:33:05.056+03:00 DEBUG 9761 --- [auth-service] [restartedMain] org.hibernate.type.BasicTypeRegistry     : Adding type registration java.sql.Date -> org.hibernate.type.BasicTypeReference@53c65908
2025-12-28T12:33:05.056+03:00 DEBUG 9761 --- [auth-service] [restartedMain] org.hibernate.type.BasicTypeRegistry     : Adding type registration time -> org.hibernate.type.BasicTypeReference@4dece079
2025-12-28T12:33:05.056+03:00 DEBUG 9761 --- [auth-service] [restartedMain] org.hibernate.type.BasicTypeRegistry     : Adding type registration java.sql.Time -> org.hibernate.type.BasicTypeReference@4dece079
2025-12-28T12:33:05.056+03:00 DEBUG 9761 --- [auth-service] [restartedMain] org.hibernate.type.BasicTypeRegistry     : Adding type registration timestamp -> org.hibernate.type.BasicTypeReference@732d6c7f
2025-12-28T12:33:05.056+03:00 DEBUG 9761 --- [auth-service] [restartedMain] org.hibernate.type.BasicTypeRegistry     : Adding type registration java.sql.Timestamp -> org.hibernate.type.BasicTypeReference@732d6c7f
2025-12-28T12:33:05.056+03:00 DEBUG 9761 --- [auth-service] [restartedMain] org.hibernate.type.BasicTypeRegistry     : Adding type registration java.util.Date -> org.hibernate.type.BasicTypeReference@732d6c7f
2025-12-28T12:33:05.056+03:00 DEBUG 9761 --- [auth-service] [restartedMain] org.hibernate.type.BasicTypeRegistry     : Adding type registration calendar -> org.hibernate.type.BasicTypeReference@2e39ca0b
2025-12-28T12:33:05.056+03:00 DEBUG 9761 --- [auth-service] [restartedMain] org.hibernate.type.BasicTypeRegistry     : Adding type registration java.util.Calendar -> org.hibernate.type.BasicTypeReference@2e39ca0b
2025-12-28T12:33:05.057+03:00 DEBUG 9761 --- [auth-service] [restartedMain] org.hibernate.type.BasicTypeRegistry     : Adding type registration java.util.GregorianCalendar -> org.hibernate.type.BasicTypeReference@2e39ca0b
2025-12-28T12:33:05.057+03:00 DEBUG 9761 --- [auth-service] [restartedMain] org.hibernate.type.BasicTypeRegistry     : Adding type registration calendar_date -> org.hibernate.type.BasicTypeReference@4fd6d8dd
2025-12-28T12:33:05.057+03:00 DEBUG 9761 --- [auth-service] [restartedMain] org.hibernate.type.BasicTypeRegistry     : Adding type registration calendar_time -> org.hibernate.type.BasicTypeReference@65930676
2025-12-28T12:33:05.057+03:00 DEBUG 9761 --- [auth-service] [restartedMain] org.hibernate.type.BasicTypeRegistry     : Adding type registration instant -> org.hibernate.type.BasicTypeReference@7dc5d02f
2025-12-28T12:33:05.057+03:00 DEBUG 9761 --- [auth-service] [restartedMain] org.hibernate.type.BasicTypeRegistry     : Adding type registration java.time.Instant -> org.hibernate.type.BasicTypeReference@7dc5d02f
2025-12-28T12:33:05.057+03:00 DEBUG 9761 --- [auth-service] [restartedMain] org.hibernate.type.BasicTypeRegistry     : Adding type registration uuid -> org.hibernate.type.BasicTypeReference@1d4c240e
2025-12-28T12:33:05.057+03:00 DEBUG 9761 --- [auth-service] [restartedMain] org.hibernate.type.BasicTypeRegistry     : Adding type registration java.util.UUID -> org.hibernate.type.BasicTypeReference@1d4c240e
2025-12-28T12:33:05.057+03:00 DEBUG 9761 --- [auth-service] [restartedMain] org.hibernate.type.BasicTypeRegistry     : Adding type registration pg-uuid -> org.hibernate.type.BasicTypeReference@1d4c240e
2025-12-28T12:33:05.057+03:00 DEBUG 9761 --- [auth-service] [restartedMain] org.hibernate.type.BasicTypeRegistry     : Adding type registration uuid-binary -> org.hibernate.type.BasicTypeReference@6425174a
2025-12-28T12:33:05.057+03:00 DEBUG 9761 --- [auth-service] [restartedMain] org.hibernate.type.BasicTypeRegistry     : Adding type registration uuid-char -> org.hibernate.type.BasicTypeReference@19781d0e
2025-12-28T12:33:05.057+03:00 DEBUG 9761 --- [auth-service] [restartedMain] org.hibernate.type.BasicTypeRegistry     : Adding type registration class -> org.hibernate.type.BasicTypeReference@4a6ff2a6
2025-12-28T12:33:05.057+03:00 DEBUG 9761 --- [auth-service] [restartedMain] org.hibernate.type.BasicTypeRegistry     : Adding type registration java.lang.Class -> org.hibernate.type.BasicTypeReference@4a6ff2a6
2025-12-28T12:33:05.057+03:00 DEBUG 9761 --- [auth-service] [restartedMain] org.hibernate.type.BasicTypeRegistry     : Adding type registration currency -> org.hibernate.type.BasicTypeReference@36ffc3b1
2025-12-28T12:33:05.057+03:00 DEBUG 9761 --- [auth-service] [restartedMain] org.hibernate.type.BasicTypeRegistry     : Adding type registration Currency -> org.hibernate.type.BasicTypeReference@36ffc3b1
2025-12-28T12:33:05.057+03:00 DEBUG 9761 --- [auth-service] [restartedMain] org.hibernate.type.BasicTypeRegistry     : Adding type registration java.util.Currency -> org.hibernate.type.BasicTypeReference@36ffc3b1
2025-12-28T12:33:05.057+03:00 DEBUG 9761 --- [auth-service] [restartedMain] org.hibernate.type.BasicTypeRegistry     : Adding type registration locale -> org.hibernate.type.BasicTypeReference@7aac0d63
2025-12-28T12:33:05.057+03:00 DEBUG 9761 --- [auth-service] [restartedMain] org.hibernate.type.BasicTypeRegistry     : Adding type registration java.util.Locale -> org.hibernate.type.BasicTypeReference@7aac0d63
2025-12-28T12:33:05.057+03:00 DEBUG 9761 --- [auth-service] [restartedMain] org.hibernate.type.BasicTypeRegistry     : Adding type registration serializable -> org.hibernate.type.BasicTypeReference@23e5ff55
2025-12-28T12:33:05.057+03:00 DEBUG 9761 --- [auth-service] [restartedMain] org.hibernate.type.BasicTypeRegistry     : Adding type registration java.io.Serializable -> org.hibernate.type.BasicTypeReference@23e5ff55
2025-12-28T12:33:05.057+03:00 DEBUG 9761 --- [auth-service] [restartedMain] org.hibernate.type.BasicTypeRegistry     : Adding type registration timezone -> org.hibernate.type.BasicTypeReference@162ad34d
2025-12-28T12:33:05.057+03:00 DEBUG 9761 --- [auth-service] [restartedMain] org.hibernate.type.BasicTypeRegistry     : Adding type registration java.util.TimeZone -> org.hibernate.type.BasicTypeReference@162ad34d
2025-12-28T12:33:05.058+03:00 DEBUG 9761 --- [auth-service] [restartedMain] org.hibernate.type.BasicTypeRegistry     : Adding type registration ZoneOffset -> org.hibernate.type.BasicTypeReference@5e806872
2025-12-28T12:33:05.058+03:00 DEBUG 9761 --- [auth-service] [restartedMain] org.hibernate.type.BasicTypeRegistry     : Adding type registration java.time.ZoneOffset -> org.hibernate.type.BasicTypeReference@5e806872
2025-12-28T12:33:05.058+03:00 DEBUG 9761 --- [auth-service] [restartedMain] org.hibernate.type.BasicTypeRegistry     : Adding type registration url -> org.hibernate.type.BasicTypeReference@445da1d4
2025-12-28T12:33:05.058+03:00 DEBUG 9761 --- [auth-service] [restartedMain] org.hibernate.type.BasicTypeRegistry     : Adding type registration java.net.URL -> org.hibernate.type.BasicTypeReference@445da1d4
2025-12-28T12:33:05.058+03:00 DEBUG 9761 --- [auth-service] [restartedMain] org.hibernate.type.BasicTypeRegistry     : Adding type registration vector -> org.hibernate.type.BasicTypeReference@48cef15d
2025-12-28T12:33:05.058+03:00 DEBUG 9761 --- [auth-service] [restartedMain] org.hibernate.type.BasicTypeRegistry     : Adding type registration float_vector -> org.hibernate.type.BasicTypeReference@8bef3b2
2025-12-28T12:33:05.058+03:00 DEBUG 9761 --- [auth-service] [restartedMain] org.hibernate.type.BasicTypeRegistry     : Adding type registration double_vector -> org.hibernate.type.BasicTypeReference@55a0d92f
2025-12-28T12:33:05.058+03:00 DEBUG 9761 --- [auth-service] [restartedMain] org.hibernate.type.BasicTypeRegistry     : Adding type registration byte_vector -> org.hibernate.type.BasicTypeReference@7cda814e
2025-12-28T12:33:05.058+03:00 DEBUG 9761 --- [auth-service] [restartedMain] org.hibernate.type.BasicTypeRegistry     : Adding type registration row_version -> org.hibernate.type.BasicTypeReference@43a1d391
2025-12-28T12:33:05.061+03:00 DEBUG 9761 --- [auth-service] [restartedMain] org.hibernate.type.BasicTypeRegistry     : Adding type registration object -> org.hibernate.type.JavaObjectType@11d01a18
2025-12-28T12:33:05.062+03:00 DEBUG 9761 --- [auth-service] [restartedMain] org.hibernate.type.BasicTypeRegistry     : Adding type registration java.lang.Object -> org.hibernate.type.JavaObjectType@11d01a18
2025-12-28T12:33:05.062+03:00 DEBUG 9761 --- [auth-service] [restartedMain] org.hibernate.type.BasicTypeRegistry     : Adding type registration null -> org.hibernate.type.NullType@43a91d8d
2025-12-28T12:33:05.062+03:00 DEBUG 9761 --- [auth-service] [restartedMain] org.hibernate.type.BasicTypeRegistry     : Adding type registration imm_date -> org.hibernate.type.BasicTypeReference@5bd5fe73
2025-12-28T12:33:05.062+03:00 DEBUG 9761 --- [auth-service] [restartedMain] org.hibernate.type.BasicTypeRegistry     : Adding type registration imm_time -> org.hibernate.type.BasicTypeReference@47b2bad7
2025-12-28T12:33:05.062+03:00 DEBUG 9761 --- [auth-service] [restartedMain] org.hibernate.type.BasicTypeRegistry     : Adding type registration imm_timestamp -> org.hibernate.type.BasicTypeReference@465bb602
2025-12-28T12:33:05.062+03:00 DEBUG 9761 --- [auth-service] [restartedMain] org.hibernate.type.BasicTypeRegistry     : Adding type registration imm_calendar -> org.hibernate.type.BasicTypeReference@4d159e31
2025-12-28T12:33:05.063+03:00 DEBUG 9761 --- [auth-service] [restartedMain] org.hibernate.type.BasicTypeRegistry     : Adding type registration imm_calendar_date -> org.hibernate.type.BasicTypeReference@3947c786
2025-12-28T12:33:05.063+03:00 DEBUG 9761 --- [auth-service] [restartedMain] org.hibernate.type.BasicTypeRegistry     : Adding type registration imm_calendar_time -> org.hibernate.type.BasicTypeReference@6b71b67b
2025-12-28T12:33:05.063+03:00 DEBUG 9761 --- [auth-service] [restartedMain] org.hibernate.type.BasicTypeRegistry     : Adding type registration imm_binary -> org.hibernate.type.BasicTypeReference@7081e6b1
2025-12-28T12:33:05.063+03:00 DEBUG 9761 --- [auth-service] [restartedMain] org.hibernate.type.BasicTypeRegistry     : Adding type registration imm_serializable -> org.hibernate.type.BasicTypeReference@11040a86
2025-12-28T12:33:05.213+03:00  INFO 9761 --- [auth-service] [restartedMain] o.s.o.j.p.SpringPersistenceUnitInfo      : No LoadTimeWeaver setup: ignoring JPA class transformer
2025-12-28T12:33:05.299+03:00  INFO 9761 --- [auth-service] [restartedMain] org.hibernate.orm.connections.pooling    : HHH10001005: Database info:
	Database JDBC URL [Connecting through datasource 'HikariDataSource (HikariPool-1)']
	Database driver: undefined/unknown
	Database version: 15.15
	Autocommit mode: undefined/unknown
	Isolation level: undefined/unknown
	Minimum pool size: undefined/unknown
	Maximum pool size: undefined/unknown
2025-12-28T12:33:05.304+03:00 DEBUG 9761 --- [auth-service] [restartedMain] o.h.t.d.sql.spi.DdlTypeRegistry          : addDescriptor(2003, org.hibernate.type.descriptor.sql.internal.ArrayDdlTypeImpl@116e4a19) replaced previous registration(org.hibernate.type.descriptor.sql.internal.ArrayDdlTypeImpl@47503613)
2025-12-28T12:33:05.305+03:00 DEBUG 9761 --- [auth-service] [restartedMain] o.h.t.d.sql.spi.DdlTypeRegistry          : addDescriptor(6, org.hibernate.type.descriptor.sql.internal.CapacityDependentDdlType@55609634) replaced previous registration(org.hibernate.type.descriptor.sql.internal.DdlTypeImpl@7d6e93b)
2025-12-28T12:33:05.306+03:00 DEBUG 9761 --- [auth-service] [restartedMain] o.h.t.d.jdbc.spi.JdbcTypeRegistry        : addDescriptor(2004, BlobTypeDescriptor(BLOB_BINDING)) replaced previous registration(BlobTypeDescriptor(DEFAULT))
2025-12-28T12:33:05.306+03:00 DEBUG 9761 --- [auth-service] [restartedMain] o.h.t.d.jdbc.spi.JdbcTypeRegistry        : addDescriptor(2005, ClobTypeDescriptor(CLOB_BINDING)) replaced previous registration(ClobTypeDescriptor(DEFAULT))
2025-12-28T12:33:05.311+03:00 DEBUG 9761 --- [auth-service] [restartedMain] org.hibernate.type.BasicTypeRegistry     : Adding type registration JAVA_OBJECT -> org.hibernate.type.JavaObjectType@29789419
2025-12-28T12:33:05.312+03:00 DEBUG 9761 --- [auth-service] [restartedMain] org.hibernate.type.BasicTypeRegistry     : Adding type registration java.lang.Object -> org.hibernate.type.JavaObjectType@29789419
2025-12-28T12:33:05.312+03:00 DEBUG 9761 --- [auth-service] [restartedMain] org.hibernate.type.BasicTypeRegistry     : Type registration key [java.lang.Object] overrode previous entry : `org.hibernate.type.JavaObjectType@11d01a18`
2025-12-28T12:33:05.314+03:00 DEBUG 9761 --- [auth-service] [restartedMain] org.hibernate.type.BasicTypeRegistry     : Adding type registration org.hibernate.type.DurationType -> basicType@1(java.time.Duration,3015)
2025-12-28T12:33:05.314+03:00 DEBUG 9761 --- [auth-service] [restartedMain] org.hibernate.type.BasicTypeRegistry     : Adding type registration Duration -> basicType@1(java.time.Duration,3015)
2025-12-28T12:33:05.314+03:00 DEBUG 9761 --- [auth-service] [restartedMain] org.hibernate.type.BasicTypeRegistry     : Adding type registration java.time.Duration -> basicType@1(java.time.Duration,3015)
2025-12-28T12:33:05.316+03:00 DEBUG 9761 --- [auth-service] [restartedMain] org.hibernate.type.BasicTypeRegistry     : Adding type registration org.hibernate.type.OffsetDateTimeType -> basicType@2(java.time.OffsetDateTime,3003)
2025-12-28T12:33:05.316+03:00 DEBUG 9761 --- [auth-service] [restartedMain] org.hibernate.type.BasicTypeRegistry     : Adding type registration OffsetDateTime -> basicType@2(java.time.OffsetDateTime,3003)
2025-12-28T12:33:05.316+03:00 DEBUG 9761 --- [auth-service] [restartedMain] org.hibernate.type.BasicTypeRegistry     : Adding type registration java.time.OffsetDateTime -> basicType@2(java.time.OffsetDateTime,3003)
2025-12-28T12:33:05.316+03:00 DEBUG 9761 --- [auth-service] [restartedMain] org.hibernate.type.BasicTypeRegistry     : Adding type registration org.hibernate.type.ZonedDateTimeType -> basicType@3(java.time.ZonedDateTime,3003)
2025-12-28T12:33:05.316+03:00 DEBUG 9761 --- [auth-service] [restartedMain] org.hibernate.type.BasicTypeRegistry     : Adding type registration ZonedDateTime -> basicType@3(java.time.ZonedDateTime,3003)
2025-12-28T12:33:05.316+03:00 DEBUG 9761 --- [auth-service] [restartedMain] org.hibernate.type.BasicTypeRegistry     : Adding type registration java.time.ZonedDateTime -> basicType@3(java.time.ZonedDateTime,3003)
2025-12-28T12:33:05.316+03:00 DEBUG 9761 --- [auth-service] [restartedMain] org.hibernate.type.BasicTypeRegistry     : Adding type registration org.hibernate.type.OffsetTimeType -> basicType@4(java.time.OffsetTime,3007)
2025-12-28T12:33:05.317+03:00 DEBUG 9761 --- [auth-service] [restartedMain] org.hibernate.type.BasicTypeRegistry     : Adding type registration OffsetTime -> basicType@4(java.time.OffsetTime,3007)
2025-12-28T12:33:05.317+03:00 DEBUG 9761 --- [auth-service] [restartedMain] org.hibernate.type.BasicTypeRegistry     : Adding type registration java.time.OffsetTime -> basicType@4(java.time.OffsetTime,3007)
2025-12-28T12:33:05.317+03:00 DEBUG 9761 --- [auth-service] [restartedMain] o.h.type.spi.TypeConfiguration$Scope     : Scoping TypeConfiguration [org.hibernate.type.spi.TypeConfiguration@78172546] to MetadataBuildingContext [org.hibernate.boot.internal.MetadataBuildingContextRootImpl@270a6dd6]
2025-12-28T12:33:05.865+03:00  INFO 9761 --- [auth-service] [restartedMain] o.h.e.t.j.p.i.JtaPlatformInitiator       : HHH000489: No JTA platform available (set 'hibernate.transaction.jta.platform' to enable JTA platform integration)
2025-12-28T12:33:05.865+03:00 DEBUG 9761 --- [auth-service] [restartedMain] o.h.type.spi.TypeConfiguration$Scope     : Scoping TypeConfiguration [org.hibernate.type.spi.TypeConfiguration@78172546] to SessionFactoryImplementor [org.hibernate.internal.SessionFactoryImpl@735cc641]
2025-12-28T12:33:05.867+03:00 TRACE 9761 --- [auth-service] [restartedMain] o.h.type.spi.TypeConfiguration$Scope     : Handling #sessionFactoryCreated from [org.hibernate.internal.SessionFactoryImpl@735cc641] for TypeConfiguration
2025-12-28T12:33:05.867+03:00  INFO 9761 --- [auth-service] [restartedMain] j.LocalContainerEntityManagerFactoryBean : Initialized JPA EntityManagerFactory for persistence unit 'default'
2025-12-28T12:33:06.164+03:00  INFO 9761 --- [auth-service] [restartedMain] r$InitializeUserDetailsManagerConfigurer : Global AuthenticationManager configured with UserDetailsService bean with name customUserDetailService
2025-12-28T12:33:06.245+03:00  WARN 9761 --- [auth-service] [restartedMain] JpaBaseConfiguration$JpaWebConfiguration : spring.jpa.open-in-view is enabled by default. Therefore, database queries may be performed during view rendering. Explicitly configure spring.jpa.open-in-view to disable this warning
2025-12-28T12:33:06.320+03:00 DEBUG 9761 --- [auth-service] [restartedMain] s.w.s.m.m.a.RequestMappingHandlerMapping : 11 mappings in 'requestMappingHandlerMapping'
2025-12-28T12:33:06.388+03:00 DEBUG 9761 --- [auth-service] [restartedMain] o.s.w.s.handler.SimpleUrlHandlerMapping  : Patterns [/webjars/**, /**] in 'resourceHandlerMapping'
2025-12-28T12:33:06.463+03:00 DEBUG 9761 --- [auth-service] [restartedMain] o.s.s.web.DefaultSecurityFilterChain     : Will secure any request with filters: DisableEncodeUrlFilter, WebAsyncManagerIntegrationFilter, SecurityContextHolderFilter, HeaderWriterFilter, LogoutFilter, JWTAuthFilter, BasicAuthenticationFilter, RequestCacheAwareFilter, SecurityContextHolderAwareRequestFilter, AnonymousAuthenticationFilter, SessionManagementFilter, ExceptionTranslationFilter, AuthorizationFilter
2025-12-28T12:33:06.506+03:00 DEBUG 9761 --- [auth-service] [restartedMain] s.w.s.m.m.a.RequestMappingHandlerAdapter : ControllerAdvice beans: 0 @ModelAttribute, 0 @InitBinder, 1 RequestBodyAdvice, 1 ResponseBodyAdvice
2025-12-28T12:33:06.541+03:00 DEBUG 9761 --- [auth-service] [restartedMain] .m.m.a.ExceptionHandlerExceptionResolver : ControllerAdvice beans: 0 @ExceptionHandler, 1 ResponseBodyAdvice
2025-12-28T12:33:06.624+03:00  INFO 9761 --- [auth-service] [restartedMain] o.s.b.d.a.OptionalLiveReloadServer       : LiveReload server is running on port 35729
2025-12-28T12:33:06.647+03:00  INFO 9761 --- [auth-service] [restartedMain] o.s.b.w.embedded.tomcat.TomcatWebServer  : Tomcat started on port 8080 (http) with context path '/'
2025-12-28T12:33:06.656+03:00  INFO 9761 --- [auth-service] [restartedMain] c.n.auth_service.AuthServiceApplication  : Started AuthServiceApplication in 3.679 seconds (process running for 4.036)
2025-12-28T12:33:30.595+03:00  INFO 9761 --- [auth-service] [http-nio-0.0.0.0-8080-exec-2] o.a.c.c.C.[Tomcat].[localhost].[/]       : Initializing Spring DispatcherServlet 'dispatcherServlet'
2025-12-28T12:33:30.595+03:00  INFO 9761 --- [auth-service] [http-nio-0.0.0.0-8080-exec-2] o.s.web.servlet.DispatcherServlet        : Initializing Servlet 'dispatcherServlet'
2025-12-28T12:33:30.595+03:00 DEBUG 9761 --- [auth-service] [http-nio-0.0.0.0-8080-exec-2] o.s.web.servlet.DispatcherServlet        : Detected StandardServletMultipartResolver
2025-12-28T12:33:30.595+03:00 DEBUG 9761 --- [auth-service] [http-nio-0.0.0.0-8080-exec-2] o.s.web.servlet.DispatcherServlet        : Detected AcceptHeaderLocaleResolver
2025-12-28T12:33:30.595+03:00 DEBUG 9761 --- [auth-service] [http-nio-0.0.0.0-8080-exec-2] o.s.web.servlet.DispatcherServlet        : Detected FixedThemeResolver
2025-12-28T12:33:30.596+03:00 DEBUG 9761 --- [auth-service] [http-nio-0.0.0.0-8080-exec-2] o.s.web.servlet.DispatcherServlet        : Detected org.springframework.web.servlet.view.DefaultRequestToViewNameTranslator@323159ad
2025-12-28T12:33:30.598+03:00 DEBUG 9761 --- [auth-service] [http-nio-0.0.0.0-8080-exec-2] o.s.web.servlet.DispatcherServlet        : Detected org.springframework.web.servlet.support.SessionFlashMapManager@7af72c7b
2025-12-28T12:33:30.599+03:00 DEBUG 9761 --- [auth-service] [http-nio-0.0.0.0-8080-exec-2] o.s.web.servlet.DispatcherServlet        : enableLoggingRequestDetails='false': request parameters and headers will be masked to prevent unsafe logging of potentially sensitive data
2025-12-28T12:33:30.599+03:00  INFO 9761 --- [auth-service] [http-nio-0.0.0.0-8080-exec-2] o.s.web.servlet.DispatcherServlet        : Completed initialization in 4 ms
2025-12-28T12:33:30.611+03:00 DEBUG 9761 --- [auth-service] [http-nio-0.0.0.0-8080-exec-2] o.s.security.web.FilterChainProxy        : Securing POST /api/login
2025-12-28T12:33:30.618+03:00 DEBUG 9761 --- [auth-service] [http-nio-0.0.0.0-8080-exec-2] o.s.s.w.a.AnonymousAuthenticationFilter  : Set SecurityContextHolder to anonymous SecurityContext
2025-12-28T12:33:30.619+03:00 DEBUG 9761 --- [auth-service] [http-nio-0.0.0.0-8080-exec-2] o.s.security.web.FilterChainProxy        : Secured POST /api/login
2025-12-28T12:33:30.620+03:00 DEBUG 9761 --- [auth-service] [http-nio-0.0.0.0-8080-exec-2] o.s.web.servlet.DispatcherServlet        : POST "/api/login", parameters={}
2025-12-28T12:33:30.621+03:00 DEBUG 9761 --- [auth-service] [http-nio-0.0.0.0-8080-exec-2] s.w.s.m.m.a.RequestMappingHandlerMapping : Mapped to com.nikilaihoretski.auth_service.controller.LoginController#login(RegisterRequest)
2025-12-28T12:33:30.647+03:00 DEBUG 9761 --- [auth-service] [http-nio-0.0.0.0-8080-exec-2] m.m.a.RequestResponseBodyMethodProcessor : Read "application/json;charset=UTF-8" to [RegisterRequest(username=test, fullname=null, password=test, email=null, role=null, enabled=false, p (truncated)...]
2025-12-28T12:33:30.721+03:00  INFO 9761 --- [auth-service] [http-nio-0.0.0.0-8080-exec-2] c.n.a.service.CustomUserDetailService    : loadUserByUsername:test
2025-12-28T12:33:30.906+03:00  INFO 9761 --- [auth-service] [http-nio-0.0.0.0-8080-exec-2] c.n.a.security.CustomUserDetails         : Total authorities for test: [ROLE_MANAGER, MANAGE_PRODUCTS_CATALOG, MANAGE_USERS]
2025-12-28T12:33:30.907+03:00 DEBUG 9761 --- [auth-service] [http-nio-0.0.0.0-8080-exec-2] o.s.s.a.dao.DaoAuthenticationProvider    : Authenticated user
2025-12-28T12:33:30.910+03:00  INFO 9761 --- [auth-service] [http-nio-0.0.0.0-8080-exec-2] c.n.auth_service.security.JWTService     : test
2025-12-28T12:33:30.911+03:00  INFO 9761 --- [auth-service] [http-nio-0.0.0.0-8080-exec-2] c.n.auth_service.security.JWTService     : test@test.ru
2025-12-28T12:33:30.965+03:00 DEBUG 9761 --- [auth-service] [http-nio-0.0.0.0-8080-exec-2] o.s.w.s.m.m.a.HttpEntityMethodProcessor  : Using 'application/json', given [*/*] and supported [application/json, application/*+json]
2025-12-28T12:33:30.966+03:00 DEBUG 9761 --- [auth-service] [http-nio-0.0.0.0-8080-exec-2] o.s.w.s.m.m.a.HttpEntityMethodProcessor  : Writing [{accessToken=eyJhbGciOiJIUzI1NiJ9.eyJzdWIiOiJ0ZXN0IiwiZW1haWwiOiJ0ZXN0QHRlc3QucnUiLCJmdWxsbmFtZSI6In (truncated)...]
2025-12-28T12:33:30.971+03:00 DEBUG 9761 --- [auth-service] [http-nio-0.0.0.0-8080-exec-2] o.s.web.servlet.DispatcherServlet        : Completed 200 OK
2025-12-28T12:47:41.535+03:00  INFO 9761 --- [auth-service] [SpringApplicationShutdownHook] o.s.b.w.e.tomcat.GracefulShutdown        : Commencing graceful shutdown. Waiting for active requests to complete
2025-12-28T12:47:41.544+03:00  INFO 9761 --- [auth-service] [tomcat-shutdown] o.s.b.w.e.tomcat.GracefulShutdown        : Graceful shutdown complete
2025-12-28T12:47:41.553+03:00  INFO 9761 --- [auth-service] [SpringApplicationShutdownHook] j.LocalContainerEntityManagerFactoryBean : Closing JPA EntityManagerFactory for persistence unit 'default'
2025-12-28T12:47:41.555+03:00 TRACE 9761 --- [auth-service] [SpringApplicationShutdownHook] o.h.type.spi.TypeConfiguration$Scope     : Handling #sessionFactoryClosed from [org.hibernate.internal.SessionFactoryImpl@735cc641] for TypeConfiguration
2025-12-28T12:47:41.555+03:00 DEBUG 9761 --- [auth-service] [SpringApplicationShutdownHook] o.h.type.spi.TypeConfiguration$Scope     : Un-scoping TypeConfiguration [org.hibernate.type.spi.TypeConfiguration$Scope@216567a6] from SessionFactory [org.hibernate.internal.SessionFactoryImpl@735cc641]
2025-12-28T12:47:41.561+03:00  INFO 9761 --- [auth-service] [SpringApplicationShutdownHook] com.zaxxer.hikari.HikariDataSource       : HikariPool-1 - Shutdown initiated...
2025-12-28T12:47:41.566+03:00  INFO 9761 --- [auth-service] [SpringApplicationShutdownHook] com.zaxxer.hikari.HikariDataSource       : HikariPool-1 - Shutdown completed.
